#
# There is insufficient memory for the Java Runtime Environment to continue.
# Native memory allocation (malloc) failed to allocate 1048576 bytes for AllocateHeap
# Possible reasons:
#   The system is out of physical RAM or swap space
#   The process is running with CompressedOops enabled, and the Java Heap may be blocking the growth of the native heap
# Possible solutions:
#   Reduce memory load on the system
#   Increase physical memory or swap space
#   Check if swap backing store is full
#   Decrease Java heap size (-Xmx/-Xms)
#   Decrease number of Java threads
#   Decrease Java thread stack sizes (-Xss)
#   Set larger code cache with -XX:ReservedCodeCacheSize=
#   JVM is running with Unscaled Compressed Oops mode in which the Java heap is
#     placed in the first 4GB address space. The Java Heap base address is the
#     maximum limit for the native heap growth. Please use -XX:HeapBaseMinAddress
#     to set the Java Heap base and to place the Java Heap above 4GB virtual address.
# This output file may be truncated or incomplete.
#
#  Out of Memory Error (memory/allocation.inline.hpp:61), pid=3032, tid=0x0000000000000e58
#
# JRE version:  (8.0_291-b10) (build )
# Java VM: Java HotSpot(TM) 64-Bit Server VM (25.291-b10 mixed mode windows-amd64 compressed oops)
# Failed to write core dump. Minidumps are not enabled by default on client versions of Windows
#

---------------  T H R E A D  ---------------

Current thread (0x0000000000475800):  JavaThread "Unknown thread" [_thread_in_vm, id=3672, stack(0x0000000002250000,0x0000000002350000)]

Stack: [0x0000000002250000,0x0000000002350000]
Native frames: (J=compiled Java code, j=interpreted, Vv=VM code, C=native code)
V  [jvm.dll+0x32ea19]


---------------  P R O C E S S  ---------------

Java Threads: ( => current thread )

Other Threads:

=>0x0000000000475800 (exited) JavaThread "Unknown thread" [_thread_in_vm, id=3672, stack(0x0000000002250000,0x0000000002350000)]

VM state:not at safepoint (normal execution)

VM Mutex/Monitor currently owned by a thread: None

heap address: 0x00000000e0200000, size: 510 MB, Compressed Oops mode: 32-bit
Narrow klass base: 0x0000000000000000, Narrow klass shift: 0
Compressed class space size: 1073741824 Address: 0x0000000013030000

Heap:
 PSYoungGen      total 9728K, used 174K [0x00000000f5600000, 0x00000000f6080000, 0x0000000100000000)
  eden space 8704K, 2% used [0x00000000f5600000,0x00000000f562b860,0x00000000f5e80000)
  from space 1024K, 0% used [0x00000000f5f80000,0x00000000f5f80000,0x00000000f6080000)
  to   space 1024K, 0% used [0x00000000f5e80000,0x00000000f5e80000,0x00000000f5f80000)
 ParOldGen       total 22016K, used 0K [0x00000000e0200000, 0x00000000e1780000, 0x00000000f5600000)
  object space 22016K, 0% used [0x00000000e0200000,0x00000000e0200000,0x00000000e1780000)
 Metaspace       used 778K, capacity 4480K, committed 4480K, reserved 1056768K
  class space    used 76K, capacity 384K, committed 384K, reserved 1048576K

Card table byte_map: [0x0000000002090000,0x0000000002190000] byte_map_base: 0x000000000198f000

Marking Bits: (ParMarkBitMap*) 0x0000000059a77fe0
 Begin Bits: [0x0000000012040000, 0x0000000012838000)
 End Bits:   [0x0000000012838000, 0x0000000013030000)

Polling page: 0x0000000000340000

CodeCache: size=245760Kb used=327Kb max_used=327Kb free=245432Kb
 bounds [0x0000000002620000, 0x0000000002890000, 0x0000000011620000]
 total_blobs=56 nmethods=0 adapters=38
 compilation: enabled

Compilation events (0 events):
No events

GC Heap History (0 events):
No events

Deoptimization events (0 events):
No events

Classes redefined (0 events):
No events

Internal exceptions (0 events):
No events

Events (10 events):
Event: 0.174 loading class java/lang/Short
Event: 0.174 loading class java/lang/Short done
Event: 0.174 loading class java/lang/Integer
Event: 0.175 loading class java/lang/Integer done
Event: 0.175 loading class java/lang/Long
Event: 0.176 loading class java/lang/Long done
Event: 0.178 loading class java/lang/NullPointerException
Event: 0.179 loading class java/lang/NullPointerException done
Event: 0.179 loading class java/lang/ArithmeticException
Event: 0.179 loading class java/lang/ArithmeticException done


Dynamic libraries:
0x000000013f200000 - 0x000000013f247000 	C:\Program Files\Java\jdk1.8.0_291\bin\java.exe
0x00000000770d0000 - 0x000000007726f000 	C:\Windows\SYSTEM32\ntdll.dll
0x0000000076eb0000 - 0x0000000076fcf000 	C:\Windows\system32\kernel32.dll
0x000007fefd070000 - 0x000007fefd0d7000 	C:\Windows\system32\KERNELBASE.dll
0x000007fefe2e0000 - 0x000007fefe3bb000 	C:\Windows\system32\ADVAPI32.dll
0x000007fefe170000 - 0x000007fefe20f000 	C:\Windows\system32\msvcrt.dll
0x000007fefdee0000 - 0x000007fefdeff000 	C:\Windows\SYSTEM32\sechost.dll
0x000007fefd540000 - 0x000007fefd66c000 	C:\Windows\system32\RPCRT4.dll
0x0000000076fd0000 - 0x00000000770cb000 	C:\Windows\system32\USER32.dll
0x000007fefdac0000 - 0x000007fefdb27000 	C:\Windows\system32\GDI32.dll
0x000007fefdab0000 - 0x000007fefdabe000 	C:\Windows\system32\LPK.dll
0x000007fefe210000 - 0x000007fefe2db000 	C:\Windows\system32\USP10.dll
0x000007fefba50000 - 0x000007fefbc45000 	C:\Windows\WinSxS\amd64_microsoft.windows.common-controls_6595b64144ccf1df_6.0.7601.24483_none_e372d88f30fbb845\COMCTL32.dll
0x000007fefd470000 - 0x000007fefd4e1000 	C:\Windows\system32\SHLWAPI.dll
0x000007feff390000 - 0x000007feff3be000 	C:\Windows\system32\IMM32.DLL
0x000007fefdd30000 - 0x000007fefde3b000 	C:\Windows\system32\MSCTF.dll
0x000007fef1450000 - 0x000007fef1453000 	C:\Windows\system32\api-ms-win-core-synch-l1-2-0.DLL
0x000007feebdd0000 - 0x000007feebde5000 	C:\Program Files\Java\jdk1.8.0_291\jre\bin\vcruntime140.dll
0x000007fef9480000 - 0x000007fef9484000 	C:\Windows\system32\api-ms-win-crt-runtime-l1-1-0.dll
0x000007feeab70000 - 0x000007feeac6a000 	C:\Program Files\Java\jdk1.8.0_291\jre\bin\ucrtbase.DLL
0x000007fefac80000 - 0x000007fefac83000 	C:\Program Files\Java\jdk1.8.0_291\jre\bin\api-ms-win-core-localization-l1-2-0.dll
0x000007fefac70000 - 0x000007fefac73000 	C:\Program Files\Java\jdk1.8.0_291\jre\bin\api-ms-win-core-processthreads-l1-1-1.dll
0x000007fefab00000 - 0x000007fefab03000 	C:\Program Files\Java\jdk1.8.0_291\jre\bin\api-ms-win-core-file-l1-2-0.dll
0x000007fefaaf0000 - 0x000007fefaaf3000 	C:\Program Files\Java\jdk1.8.0_291\jre\bin\api-ms-win-core-timezone-l1-1-0.dll
0x000007fefaae0000 - 0x000007fefaae3000 	C:\Program Files\Java\jdk1.8.0_291\jre\bin\api-ms-win-core-file-l2-1-0.dll
0x000007fef94f0000 - 0x000007fef94f3000 	C:\Windows\system32\api-ms-win-crt-heap-l1-1-0.dll
0x000007fef94e0000 - 0x000007fef94e4000 	C:\Windows\system32\api-ms-win-crt-string-l1-1-0.dll
0x000007fef94d0000 - 0x000007fef94d4000 	C:\Windows\system32\api-ms-win-crt-stdio-l1-1-0.dll
0x000007fef94c0000 - 0x000007fef94c4000 	C:\Windows\system32\api-ms-win-crt-convert-l1-1-0.dll
0x000007feebbd0000 - 0x000007feebc6b000 	C:\Program Files\Java\jdk1.8.0_291\jre\bin\msvcp140.dll
0x000007fef94a0000 - 0x000007fef94a3000 	C:\Windows\system32\api-ms-win-crt-locale-l1-1-0.dll
0x000007fef0e30000 - 0x000007fef0e35000 	C:\Windows\system32\api-ms-win-crt-math-l1-1-0.dll
0x000007fef9490000 - 0x000007fef9493000 	C:\Windows\system32\api-ms-win-crt-filesystem-l1-1-0.dll
0x000007fef9450000 - 0x000007fef9453000 	C:\Windows\system32\api-ms-win-crt-time-l1-1-0.dll
0x000007fef9440000 - 0x000007fef9443000 	C:\Windows\system32\api-ms-win-crt-environment-l1-1-0.dll
0x000007fef0e20000 - 0x000007fef0e23000 	C:\Windows\system32\api-ms-win-crt-utility-l1-1-0.dll
0x0000000059290000 - 0x0000000059af0000 	C:\Program Files\Java\jdk1.8.0_291\jre\bin\server\jvm.dll
0x000007feef220000 - 0x000007feef229000 	C:\Windows\system32\WSOCK32.dll
0x000007fefd4f0000 - 0x000007fefd53d000 	C:\Windows\system32\WS2_32.dll
0x000007feff1d0000 - 0x000007feff1d8000 	C:\Windows\system32\NSI.dll
0x000007fefaf00000 - 0x000007fefaf3b000 	C:\Windows\system32\WINMM.dll
0x000007fefc110000 - 0x000007fefc11c000 	C:\Windows\system32\VERSION.dll
0x0000000077270000 - 0x0000000077277000 	C:\Windows\system32\PSAPI.DLL
0x000007feec0c0000 - 0x000007feec0d0000 	C:\Program Files\Java\jdk1.8.0_291\jre\bin\verify.dll
0x000007feebcb0000 - 0x000007feebcdb000 	C:\Program Files\Java\jdk1.8.0_291\jre\bin\java.dll
0x000007feebdb0000 - 0x000007feebdc8000 	C:\Program Files\Java\jdk1.8.0_291\jre\bin\zip.dll
0x000007feef290000 - 0x000007feef3b5000 	C:\Windows\system32\dbghelp.dll

VM Arguments:
jvm_args: -Dfile.encoding=UTF-8 
java_command: presentacion.form
java_class_path (initial): C:\Users\pc\Desktop\tarea2_2_1\build\classes
Launcher Type: SUN_STANDARD

Environment Variables:
PATH=C:\Program Files (x86)\Common Files\Oracle\Java\javapath;C:\Windows\system32;C:\Windows;C:\Windows\System32\Wbem;C:\Windows\System32\WindowsPowerShell\v1.0\;C:\Program Files\PuTTY\;C:\Program Files\Microsoft SQL Server\Client SDK\ODBC\110\Tools\Binn\;C:\Program Files (x86)\Microsoft SQL Server\120\Tools\Binn\;C:\Program Files\Microsoft SQL Server\120\Tools\Binn\;C:\Program Files\Microsoft SQL Server\120\DTS\Binn\;C:\Program Files\MySQL\MySQL Shell 8.0\bin\;C:\Users\pc\Desktop\orientaciones acdemicas;C:\Program Files (x86)\Nmap
USERNAME=pc
OS=Windows_NT
PROCESSOR_IDENTIFIER=Intel64 Family 6 Model 28 Stepping 10, GenuineIntel



---------------  S Y S T E M  ---------------

OS: Windows 7 , 64 bit Build 7601 (6.1.7601.24545)

CPU:total 4 (initial active 4) (2 cores per cpu, 2 threads per core) family 6 model 28 stepping 10, cmov, cx8, fxsr, mmx, sse, sse2, sse3, ssse3, ht, tsc

Memory: 4k page, physical 2086320k(237452k free), swap 5214640k(5120k free)

vm_info: Java HotSpot(TM) 64-Bit Server VM (25.291-b10) for windows-amd64 JRE (1.8.0_291-b10), built on Apr  9 2021 00:02:00 by "java_re" with MS VC++ 15.9 (VS2017)

time: Mon Nov  1 17:53:56 2021
timezone: Hora estándar, América Central
elapsed time: 0.264711 seconds (0d 0h 0m 0s)

