#
# There is insufficient memory for the Java Runtime Environment to continue.
# Native memory allocation (malloc) failed to allocate 32744 bytes for ChunkPool::allocate
# Possible reasons:
#   The system is out of physical RAM or swap space
#   The process is running with CompressedOops enabled, and the Java Heap may be blocking the growth of the native heap
# Possible solutions:
#   Reduce memory load on the system
#   Increase physical memory or swap space
#   Check if swap backing store is full
#   Decrease Java heap size (-Xmx/-Xms)
#   Decrease number of Java threads
#   Decrease Java thread stack sizes (-Xss)
#   Set larger code cache with -XX:ReservedCodeCacheSize=
#   JVM is running with Unscaled Compressed Oops mode in which the Java heap is
#     placed in the first 4GB address space. The Java Heap base address is the
#     maximum limit for the native heap growth. Please use -XX:HeapBaseMinAddress
#     to set the Java Heap base and to place the Java Heap above 4GB virtual address.
# This output file may be truncated or incomplete.
#
#  Out of Memory Error (allocation.cpp:272), pid=4148, tid=0x00000000000004a8
#
# JRE version: Java(TM) SE Runtime Environment (8.0_291-b10) (build 1.8.0_291-b10)
# Java VM: Java HotSpot(TM) 64-Bit Server VM (25.291-b10 mixed mode windows-amd64 compressed oops)
# Failed to write core dump. Minidumps are not enabled by default on client versions of Windows
#

---------------  T H R E A D  ---------------

Current thread (0x0000000053ac9800):  JavaThread "C1 CompilerThread2" daemon [_thread_in_native, id=1192, stack(0x0000000055820000,0x0000000055920000)]

Stack: [0x0000000055820000,0x0000000055920000]
Native frames: (J=compiled Java code, j=interpreted, Vv=VM code, C=native code)
V  [jvm.dll+0x32ea19]


Current CompileTask:
C1:   2191  125       3       jdk.internal.org.objectweb.asm.Frame::execute (2252 bytes)


---------------  P R O C E S S  ---------------

Java Threads: ( => current thread )
  0x0000000053b45000 JavaThread "Service Thread" daemon [_thread_blocked, id=5088, stack(0x0000000055ab0000,0x0000000055bb0000)]
=>0x0000000053ac9800 JavaThread "C1 CompilerThread2" daemon [_thread_in_native, id=1192, stack(0x0000000055820000,0x0000000055920000)]
  0x0000000053ac2000 JavaThread "C2 CompilerThread1" daemon [_thread_blocked, id=1556, stack(0x00000000555f0000,0x00000000556f0000)]
  0x0000000053ac0800 JavaThread "C2 CompilerThread0" daemon [_thread_blocked, id=4576, stack(0x0000000055110000,0x0000000055210000)]
  0x0000000053abf000 JavaThread "Attach Listener" daemon [_thread_blocked, id=536, stack(0x00000000553e0000,0x00000000554e0000)]
  0x0000000053ac7800 JavaThread "Signal Dispatcher" daemon [_thread_blocked, id=5840, stack(0x0000000055280000,0x0000000055380000)]
  0x0000000053a95800 JavaThread "Finalizer" daemon [_thread_blocked, id=4860, stack(0x0000000054fc0000,0x00000000550c0000)]
  0x0000000053a94800 JavaThread "Reference Handler" daemon [_thread_blocked, id=1756, stack(0x0000000054d30000,0x0000000054e30000)]
  0x0000000000455800 JavaThread "main" [_thread_in_vm, id=4132, stack(0x0000000002140000,0x0000000002240000)]

Other Threads:
  0x0000000053a4c800 VMThread [stack: 0x0000000054c00000,0x0000000054d00000] [id=2440]
  0x0000000053b4b800 WatcherThread [stack: 0x0000000055bf0000,0x0000000055cf0000] [id=5804]

VM state:not at safepoint (normal execution)

VM Mutex/Monitor currently owned by a thread: None

heap address: 0x00000000e0200000, size: 510 MB, Compressed Oops mode: 32-bit
Narrow klass base: 0x0000000000000000, Narrow klass shift: 0
Compressed class space size: 1073741824 Address: 0x0000000013190000

Heap:
 PSYoungGen      total 9728K, used 1393K [0x00000000f5600000, 0x00000000f6080000, 0x0000000100000000)
  eden space 8704K, 16% used [0x00000000f5600000,0x00000000f575c788,0x00000000f5e80000)
  from space 1024K, 0% used [0x00000000f5f80000,0x00000000f5f80000,0x00000000f6080000)
  to   space 1024K, 0% used [0x00000000f5e80000,0x00000000f5e80000,0x00000000f5f80000)
 ParOldGen       total 22016K, used 0K [0x00000000e0200000, 0x00000000e1780000, 0x00000000f5600000)
  object space 22016K, 0% used [0x00000000e0200000,0x00000000e0200000,0x00000000e1780000)
 Metaspace       used 3928K, capacity 4606K, committed 4864K, reserved 1056768K
  class space    used 418K, capacity 466K, committed 512K, reserved 1048576K

Card table byte_map: [0x00000000118d0000,0x00000000119d0000] byte_map_base: 0x00000000111cf000

Marking Bits: (ParMarkBitMap*) 0x000000005df27fe0
 Begin Bits: [0x00000000121a0000, 0x0000000012998000)
 End Bits:   [0x0000000012998000, 0x0000000013190000)

Polling page: 0x0000000000330000

CodeCache: size=245760Kb used=1265Kb max_used=1274Kb free=244494Kb
 bounds [0x0000000002510000, 0x0000000002780000, 0x0000000011510000]
 total_blobs=395 nmethods=130 adapters=181
 compilation: enabled

Compilation events (10 events):
Event: 2.136 Thread 0x0000000053ac9800  120       1       java.lang.invoke.LambdaForm$BasicType::access$100 (5 bytes)
Event: 2.136 Thread 0x0000000053ac9800 nmethod 120 0x000000000264a150 code [0x000000000264a2a0, 0x000000000264a390]
Event: 2.136 Thread 0x0000000053ac9800  121       1       java.lang.invoke.LambdaForm$Name::access$000 (5 bytes)
Event: 2.136 Thread 0x0000000053ac9800 nmethod 121 0x000000000264a410 code [0x000000000264a560, 0x000000000264a650]
Event: 2.137 Thread 0x0000000053ac9800  122       1       java.lang.invoke.LambdaForm$BasicType::basicTypeClass (5 bytes)
Event: 2.137 Thread 0x0000000053ac9800 nmethod 122 0x000000000264a6d0 code [0x000000000264a820, 0x000000000264a930]
Event: 2.138 Thread 0x0000000053ac9800  124       3       java.lang.invoke.MethodType::checkSlotCount (33 bytes)
Event: 2.141 Thread 0x0000000053ac9800 nmethod 124 0x000000000264ab10 code [0x000000000264ad00, 0x000000000264b558]
Event: 2.142 Thread 0x0000000053ac9800  125       3       jdk.internal.org.objectweb.asm.Frame::execute (2252 bytes)
Event: 2.145 Thread 0x0000000053ac0800 nmethod 111 0x000000000264e910 code [0x000000000264ea40, 0x000000000264eb98]

GC Heap History (0 events):
No events

Deoptimization events (0 events):
No events

Classes redefined (0 events):
No events

Internal exceptions (7 events):
Event: 0.505 Thread 0x0000000000455800 Exception <a 'java/lang/NoSuchMethodError': Method sun.misc.Unsafe.defineClass(Ljava/lang/String;[BII)Ljava/lang/Class; name or signature does not match> (0x00000000f5607cc0) thrown at [C:\jenkins\workspace\8-2-build-windows-amd64-cygwin\jdk8u291\1294\hot
Event: 0.505 Thread 0x0000000000455800 Exception <a 'java/lang/NoSuchMethodError': Method sun.misc.Unsafe.prefetchRead(Ljava/lang/Object;J)V name or signature does not match> (0x00000000f5607fa8) thrown at [C:\jenkins\workspace\8-2-build-windows-amd64-cygwin\jdk8u291\1294\hotspot\src\share\vm\
Event: 1.553 Thread 0x0000000000455800 Exception <a 'java/security/PrivilegedActionException'> (0x00000000f5680b08) thrown at [C:\jenkins\workspace\8-2-build-windows-amd64-cygwin\jdk8u291\1294\hotspot\src\share\vm\prims\jvm.cpp, line 1523]
Event: 1.553 Thread 0x0000000000455800 Exception <a 'java/security/PrivilegedActionException'> (0x00000000f5680d18) thrown at [C:\jenkins\workspace\8-2-build-windows-amd64-cygwin\jdk8u291\1294\hotspot\src\share\vm\prims\jvm.cpp, line 1523]
Event: 1.564 Thread 0x0000000000455800 Exception <a 'java/security/PrivilegedActionException'> (0x00000000f56b0518) thrown at [C:\jenkins\workspace\8-2-build-windows-amd64-cygwin\jdk8u291\1294\hotspot\src\share\vm\prims\jvm.cpp, line 1523]
Event: 1.564 Thread 0x0000000000455800 Exception <a 'java/security/PrivilegedActionException'> (0x00000000f56b0728) thrown at [C:\jenkins\workspace\8-2-build-windows-amd64-cygwin\jdk8u291\1294\hotspot\src\share\vm\prims\jvm.cpp, line 1523]
Event: 1.651 Thread 0x0000000000455800 Exception <a 'java/io/FileNotFoundException'> (0x00000000f56b7b10) thrown at [C:\jenkins\workspace\8-2-build-windows-amd64-cygwin\jdk8u291\1294\hotspot\src\share\vm\prims\jni.cpp, line 710]

Events (10 events):
Event: 2.063 loading class java/lang/invoke/MethodHandleImpl$AsVarargsCollector
Event: 2.063 loading class java/lang/invoke/DelegatingMethodHandle
Event: 2.064 loading class java/lang/invoke/DelegatingMethodHandle done
Event: 2.064 loading class java/lang/invoke/MethodHandleImpl$AsVarargsCollector done
Event: 2.068 loading class java/lang/invoke/WrongMethodTypeException
Event: 2.068 loading class java/lang/invoke/WrongMethodTypeException done
Event: 2.084 loading class java/lang/invoke/MethodHandleImpl$Lazy
Event: 2.084 loading class java/lang/invoke/MethodHandleImpl$Lazy done
Event: 2.086 loading class java/lang/invoke/MethodHandleImpl$IntrinsicMethodHandle
Event: 2.086 loading class java/lang/invoke/MethodHandleImpl$IntrinsicMethodHandle done


Dynamic libraries:
0x000000013ffb0000 - 0x000000013fff7000 	C:\Program Files\Java\jdk1.8.0_291\bin\java.exe
0x0000000077830000 - 0x00000000779cf000 	C:\Windows\SYSTEM32\ntdll.dll
0x0000000077710000 - 0x000000007782f000 	C:\Windows\system32\kernel32.dll
0x000007fefd810000 - 0x000007fefd877000 	C:\Windows\system32\KERNELBASE.dll
0x000007feff2c0000 - 0x000007feff39b000 	C:\Windows\system32\ADVAPI32.dll
0x000007feff220000 - 0x000007feff2bf000 	C:\Windows\system32\msvcrt.dll
0x000007fefdd00000 - 0x000007fefdd1f000 	C:\Windows\SYSTEM32\sechost.dll
0x000007fefdff0000 - 0x000007fefe11c000 	C:\Windows\system32\RPCRT4.dll
0x0000000077610000 - 0x000000007770b000 	C:\Windows\system32\USER32.dll
0x000007feffa20000 - 0x000007feffa87000 	C:\Windows\system32\GDI32.dll
0x000007feff860000 - 0x000007feff86e000 	C:\Windows\system32\LPK.dll
0x000007fefdf20000 - 0x000007fefdfeb000 	C:\Windows\system32\USP10.dll
0x000007fefc1b0000 - 0x000007fefc3a5000 	C:\Windows\WinSxS\amd64_microsoft.windows.common-controls_6595b64144ccf1df_6.0.7601.24483_none_e372d88f30fbb845\COMCTL32.dll
0x000007feff740000 - 0x000007feff7b1000 	C:\Windows\system32\SHLWAPI.dll
0x000007feff3a0000 - 0x000007feff3ce000 	C:\Windows\system32\IMM32.DLL
0x000007feff3d0000 - 0x000007feff4db000 	C:\Windows\system32\MSCTF.dll
0x000007fef9420000 - 0x000007fef9423000 	C:\Windows\system32\api-ms-win-core-synch-l1-2-0.DLL
0x000007fef9490000 - 0x000007fef94a5000 	C:\Program Files\Java\jdk1.8.0_291\jre\bin\vcruntime140.dll
0x000007fef9fd0000 - 0x000007fef9fd4000 	C:\Windows\system32\api-ms-win-crt-runtime-l1-1-0.dll
0x000007fed6ba0000 - 0x000007fed6c9a000 	C:\Program Files\Java\jdk1.8.0_291\jre\bin\ucrtbase.DLL
0x000007fef6210000 - 0x000007fef6213000 	C:\Program Files\Java\jdk1.8.0_291\jre\bin\api-ms-win-core-localization-l1-2-0.dll
0x000007fef60a0000 - 0x000007fef60a3000 	C:\Program Files\Java\jdk1.8.0_291\jre\bin\api-ms-win-core-processthreads-l1-1-1.dll
0x000007fef54c0000 - 0x000007fef54c3000 	C:\Program Files\Java\jdk1.8.0_291\jre\bin\api-ms-win-core-file-l1-2-0.dll
0x000007fef54b0000 - 0x000007fef54b3000 	C:\Program Files\Java\jdk1.8.0_291\jre\bin\api-ms-win-core-timezone-l1-1-0.dll
0x000007fef5460000 - 0x000007fef5463000 	C:\Program Files\Java\jdk1.8.0_291\jre\bin\api-ms-win-core-file-l2-1-0.dll
0x000007fef9fe0000 - 0x000007fef9fe3000 	C:\Windows\system32\api-ms-win-crt-heap-l1-1-0.dll
0x000007fef9fc0000 - 0x000007fef9fc4000 	C:\Windows\system32\api-ms-win-crt-string-l1-1-0.dll
0x000007fef9290000 - 0x000007fef9294000 	C:\Windows\system32\api-ms-win-crt-stdio-l1-1-0.dll
0x000007fef9280000 - 0x000007fef9284000 	C:\Windows\system32\api-ms-win-crt-convert-l1-1-0.dll
0x000007fef7f40000 - 0x000007fef7fdb000 	C:\Program Files\Java\jdk1.8.0_291\jre\bin\msvcp140.dll
0x000007fef91d0000 - 0x000007fef91d3000 	C:\Windows\system32\api-ms-win-crt-locale-l1-1-0.dll
0x000007fef9060000 - 0x000007fef9065000 	C:\Windows\system32\api-ms-win-crt-math-l1-1-0.dll
0x000007fef91c0000 - 0x000007fef91c3000 	C:\Windows\system32\api-ms-win-crt-filesystem-l1-1-0.dll
0x000007fef91b0000 - 0x000007fef91b3000 	C:\Windows\system32\api-ms-win-crt-time-l1-1-0.dll
0x000007fef9070000 - 0x000007fef9073000 	C:\Windows\system32\api-ms-win-crt-environment-l1-1-0.dll
0x000007fef9010000 - 0x000007fef9013000 	C:\Windows\system32\api-ms-win-crt-utility-l1-1-0.dll
0x000000005d740000 - 0x000000005dfa0000 	C:\Program Files\Java\jdk1.8.0_291\jre\bin\server\jvm.dll
0x000007fefb290000 - 0x000007fefb299000 	C:\Windows\system32\WSOCK32.dll
0x000007feff8f0000 - 0x000007feff93d000 	C:\Windows\system32\WS2_32.dll
0x000007feffab0000 - 0x000007feffab8000 	C:\Windows\system32\NSI.dll
0x000007fefb700000 - 0x000007fefb73b000 	C:\Windows\system32\WINMM.dll
0x000007fefc870000 - 0x000007fefc87c000 	C:\Windows\system32\VERSION.dll
0x00000000779d0000 - 0x00000000779d7000 	C:\Windows\system32\PSAPI.DLL
0x000007fef8fc0000 - 0x000007fef8fd0000 	C:\Program Files\Java\jdk1.8.0_291\jre\bin\verify.dll
0x000007fef82d0000 - 0x000007fef82fb000 	C:\Program Files\Java\jdk1.8.0_291\jre\bin\java.dll
0x000007fef82a0000 - 0x000007fef82b8000 	C:\Program Files\Java\jdk1.8.0_291\jre\bin\zip.dll
0x000007fefe490000 - 0x000007feff21b000 	C:\Windows\system32\SHELL32.dll
0x000007fefdd20000 - 0x000007fefdf1f000 	C:\Windows\system32\ole32.dll
0x000007fefd720000 - 0x000007fefd72f000 	C:\Windows\system32\profapi.dll
0x000007fef7fe0000 - 0x000007fef8175000 	C:\Program Files\Java\jdk1.8.0_291\jre\bin\awt.dll
0x000007feff940000 - 0x000007feffa1b000 	C:\Windows\system32\OLEAUT32.dll

VM Arguments:
jvm_args: -Dfile.encoding=UTF-8 
java_command: presentacion.inicio
java_class_path (initial): C:\Users\pc\Documents\NetBeansProjects\tare1\build\classes
Launcher Type: SUN_STANDARD

Environment Variables:
PATH=C:\Program Files (x86)\Common Files\Oracle\Java\javapath;C:\Windows\system32;C:\Windows;C:\Windows\System32\Wbem;C:\Windows\System32\WindowsPowerShell\v1.0\;C:\Program Files\PuTTY\;C:\Users\pc\Desktop\orientaciones acdemicas;C:\Program Files (x86)\Nmap
USERNAME=pc
OS=Windows_NT
PROCESSOR_IDENTIFIER=Intel64 Family 6 Model 28 Stepping 10, GenuineIntel



---------------  S Y S T E M  ---------------

OS: Windows 7 , 64 bit Build 7601 (6.1.7601.24545)

CPU:total 4 (initial active 4) (2 cores per cpu, 2 threads per core) family 6 model 28 stepping 10, cmov, cx8, fxsr, mmx, sse, sse2, sse3, ssse3, ht, tsc

Memory: 4k page, physical 2086320k(319892k free), swap 5214640k(5120k free)

vm_info: Java HotSpot(TM) 64-Bit Server VM (25.291-b10) for windows-amd64 JRE (1.8.0_291-b10), built on Apr  9 2021 00:02:00 by "java_re" with MS VC++ 15.9 (VS2017)

time: Mon Sep 20 19:57:05 2021
timezone: Hora estándar, América Central
elapsed time: 2.242439 seconds (0d 0h 0m 2s)

